<?xml version="1.0" encoding="UTF-8"?>
<testng-results skipped="0" failed="0" ignored="0" total="2" passed="2">
  <reporter-output>
  </reporter-output>
  <suite name="Hybrid Driven Framework" duration-ms="4776" started-at="2017-05-29T04:34:06Z" finished-at="2017-05-29T04:34:10Z">
    <groups>
    </groups>
    <test name="Facebook Login Test" duration-ms="4776" started-at="2017-05-29T04:34:06Z" finished-at="2017-05-29T04:34:10Z">
      <class name="testcases.Login">
        <test-method status="PASS" signature="setUp()[pri:0, instance:testcases.Login@7c1e2a9e]" name="setUp" is-config="true" duration-ms="8931" started-at="2017-05-29T10:03:57Z" finished-at="2017-05-29T10:04:06Z">
          <reporter-output>
          </reporter-output>
        </test-method> <!-- setUp -->
        <test-method status="PASS" signature="verifyTestcaseMode(java.lang.reflect.Method)[pri:0, instance:testcases.Login@7c1e2a9e]" name="verifyTestcaseMode" is-config="true" duration-ms="7" started-at="2017-05-29T10:04:06Z" finished-at="2017-05-29T10:04:06Z">
          <params>
            <param index="0">
              <value>
                <![CDATA[public void testcases.Login.TC_001(java.lang.String,java.lang.String,java.lang.String)]]>
              </value>
            </param>
          </params>
          <reporter-output>
          </reporter-output>
        </test-method> <!-- verifyTestcaseMode -->
        <test-method status="PASS" signature="TC_001(java.lang.String, java.lang.String, java.lang.String)[pri:0, instance:testcases.Login@7c1e2a9e]" name="TC_001" duration-ms="4412" started-at="2017-05-29T10:04:06Z" data-provider="getData" finished-at="2017-05-29T10:04:10Z">
          <params>
            <param index="0">
              <value>
                <![CDATA[launchBrowser]]>
              </value>
            </param>
            <param index="1">
              <value>
                <![CDATA[]]>
              </value>
            </param>
            <param index="2">
              <value>
                <![CDATA[http://www.facebook.com]]>
              </value>
            </param>
          </params>
          <reporter-output>
          </reporter-output>
        </test-method> <!-- TC_001 -->
        <test-method status="PASS" signature="verifyTestcaseMode(java.lang.reflect.Method)[pri:0, instance:testcases.Login@7c1e2a9e]" name="verifyTestcaseMode" is-config="true" duration-ms="2" started-at="2017-05-29T10:04:10Z" finished-at="2017-05-29T10:04:10Z">
          <params>
            <param index="0">
              <value>
                <![CDATA[public void testcases.Login.TC_001(java.lang.String,java.lang.String,java.lang.String)]]>
              </value>
            </param>
          </params>
          <reporter-output>
          </reporter-output>
        </test-method> <!-- verifyTestcaseMode -->
        <test-method status="PASS" signature="TC_001(java.lang.String, java.lang.String, java.lang.String)[pri:0, instance:testcases.Login@7c1e2a9e]" name="TC_001" duration-ms="288" started-at="2017-05-29T10:04:10Z" data-provider="getData" finished-at="2017-05-29T10:04:10Z">
          <params>
            <param index="0">
              <value>
                <![CDATA[enterText]]>
              </value>
            </param>
            <param index="1">
              <value>
                <![CDATA[username]]>
              </value>
            </param>
            <param index="2">
              <value>
                <![CDATA[dharmiksameer@gmail.com]]>
              </value>
            </param>
          </params>
          <reporter-output>
          </reporter-output>
        </test-method> <!-- TC_001 -->
        <test-method status="PASS" signature="tearDown()[pri:0, instance:testcases.Login@7c1e2a9e]" name="tearDown" is-config="true" duration-ms="683" started-at="2017-05-29T10:04:10Z" finished-at="2017-05-29T10:04:11Z">
          <reporter-output>
          </reporter-output>
        </test-method> <!-- tearDown -->
      </class> <!-- testcases.Login -->
    </test> <!-- Facebook Login Test -->
  </suite> <!-- Hybrid Driven Framework -->
</testng-results>
